<html>
<head>
<title>TestNG:  OpenCart Tests</title>
<link href="../testng.css" rel="stylesheet" type="text/css" />
<link href="../my-testng.css" rel="stylesheet" type="text/css" />

<style type="text/css">
.log { display: none;} 
.stack-trace { display: none;} 
</style>
<script type="text/javascript">
<!--
function flip(e) {
  current = e.style.display;
  if (current == 'block') {
    e.style.display = 'none';
    return 0;
  }
  else {
    e.style.display = 'block';
    return 1;
  }
}

function toggleBox(szDivId, elem, msg1, msg2)
{
  var res = -1;  if (document.getElementById) {
    res = flip(document.getElementById(szDivId));
  }
  else if (document.all) {
    // this is the way old msie versions work
    res = flip(document.all[szDivId]);
  }
  if(elem) {
    if(res == 0) elem.innerHTML = msg1; else elem.innerHTML = msg2;
  }

}

function toggleAllBoxes() {
  if (document.getElementsByTagName) {
    d = document.getElementsByTagName('div');
    for (i = 0; i < d.length; i++) {
      if (d[i].className == 'log') {
        flip(d[i]);
      }
    }
  }
}

// -->
</script>

</head>
<body>
<h2 align='center'>OpenCart Tests</h2><table border='1' align="center">
<tr>
<td>Tests passed/Failed/Skipped:</td><td>13/2/0</td>
</tr><tr>
<td>Started on:</td><td>Fri Jan 21 14:48:44 EST 2022</td>
</tr>
<tr><td>Total time:</td><td>282 seconds (282310 ms)</td>
</tr><tr>
<td>Included groups:</td><td></td>
</tr><tr>
<td>Excluded groups:</td><td></td>
</tr>
</table><p/>
<small><i>(Hover the method name to see the test class name)</i></small><p/>
<table width='100%' border='1' class='invocation-failed'>
<tr><td colspan='4' align='center'><b>FAILED TESTS</b></td></tr>
<tr><td><b>Test method</b></td>
<td width="30%"><b>Exception</b></td>
<td width="10%"><b>Time (seconds)</b></td>
<td><b>Instance</b></td>
</tr>
<tr>
<td title='testCases.TC_005_Addcart.test_addcart()'><b>test_addcart</b><br>Test class: testCases.TC_005_Addcart</td>
<td><div><pre>java.lang.AssertionError: expected [true] but found [false]
	at testCases.TC_005_Addcart.test_addcart(TC_005_Addcart.java:55)
	at java.base/java.util.ArrayList.forEach(ArrayList.java:1511)
	at java.base/java.util.concurrent.FutureTask.run(FutureTask.java:264)
	at java.base/java.util.concurrent.ThreadPoolExecutor.runWorker(ThreadPoolExecutor.java:1136)
	at java.base/java.util.concurrent.ThreadPoolExecutor$Worker.run(ThreadPoolExecutor.java:635)
	at java.base/java.lang.Thread.run(Thread.java:833)
... Removed 22 stack frames</pre></div><a href='#' onClick='toggleBox("stack-trace941112574", this, "Click to show all stack frames", "Click to hide stack frames")'>Click to show all stack frames</a>
<div class='stack-trace' id='stack-trace941112574'><pre>java.lang.AssertionError: expected [true] but found [false]
	at org.testng.Assert.fail(Assert.java:99)
	at org.testng.Assert.failNotEquals(Assert.java:1037)
	at org.testng.Assert.assertTrue(Assert.java:45)
	at org.testng.Assert.assertTrue(Assert.java:55)
	at testCases.TC_005_Addcart.test_addcart(TC_005_Addcart.java:55)
	at java.base/jdk.internal.reflect.NativeMethodAccessorImpl.invoke0(Native Method)
	at java.base/jdk.internal.reflect.NativeMethodAccessorImpl.invoke(NativeMethodAccessorImpl.java:77)
	at java.base/jdk.internal.reflect.DelegatingMethodAccessorImpl.invoke(DelegatingMethodAccessorImpl.java:43)
	at java.base/java.lang.reflect.Method.invoke(Method.java:568)
	at org.testng.internal.MethodInvocationHelper.invokeMethod(MethodInvocationHelper.java:132)
	at org.testng.internal.TestInvoker.invokeMethod(TestInvoker.java:599)
	at org.testng.internal.TestInvoker.invokeTestMethod(TestInvoker.java:174)
	at org.testng.internal.MethodRunner.runInSequence(MethodRunner.java:46)
	at org.testng.internal.TestInvoker$MethodInvocationAgent.invoke(TestInvoker.java:822)
	at org.testng.internal.TestInvoker.invokeTestMethods(TestInvoker.java:147)
	at org.testng.internal.TestMethodWorker.invokeTestMethods(TestMethodWorker.java:146)
	at org.testng.internal.TestMethodWorker.run(TestMethodWorker.java:128)
	at java.base/java.util.ArrayList.forEach(ArrayList.java:1511)
	at org.testng.TestRunner.privateRun(TestRunner.java:764)
	at org.testng.TestRunner.run(TestRunner.java:585)
	at org.testng.SuiteRunner.runTest(SuiteRunner.java:384)
	at org.testng.SuiteRunner.access$000(SuiteRunner.java:28)
	at org.testng.SuiteRunner$SuiteWorker.run(SuiteRunner.java:425)
	at org.testng.internal.thread.ThreadUtil.lambda$execute$0(ThreadUtil.java:66)
	at java.base/java.util.concurrent.FutureTask.run(FutureTask.java:264)
	at java.base/java.util.concurrent.ThreadPoolExecutor.runWorker(ThreadPoolExecutor.java:1136)
	at java.base/java.util.concurrent.ThreadPoolExecutor$Worker.run(ThreadPoolExecutor.java:635)
	at java.base/java.lang.Thread.run(Thread.java:833)
</pre></div></td>
<td>14</td>
<td>testCases.TC_005_Addcart@61001b64</td></tr>
<tr>
<td title='testCases.TC_011_Checkout.test_checkout()'><b>test_checkout</b><br>Test class: testCases.TC_011_Checkout</td>
<td><div><pre>java.lang.AssertionError: expected [true] but found [false]
	at testCases.TC_011_Checkout.test_checkout(TC_011_Checkout.java:64)
	at java.base/java.util.ArrayList.forEach(ArrayList.java:1511)
	at java.base/java.util.concurrent.FutureTask.run(FutureTask.java:264)
	at java.base/java.util.concurrent.ThreadPoolExecutor.runWorker(ThreadPoolExecutor.java:1136)
	at java.base/java.util.concurrent.ThreadPoolExecutor$Worker.run(ThreadPoolExecutor.java:635)
	at java.base/java.lang.Thread.run(Thread.java:833)
... Removed 22 stack frames</pre></div><a href='#' onClick='toggleBox("stack-trace2006450192", this, "Click to show all stack frames", "Click to hide stack frames")'>Click to show all stack frames</a>
<div class='stack-trace' id='stack-trace2006450192'><pre>java.lang.AssertionError: expected [true] but found [false]
	at org.testng.Assert.fail(Assert.java:99)
	at org.testng.Assert.failNotEquals(Assert.java:1037)
	at org.testng.Assert.assertTrue(Assert.java:45)
	at org.testng.Assert.assertTrue(Assert.java:55)
	at testCases.TC_011_Checkout.test_checkout(TC_011_Checkout.java:64)
	at java.base/jdk.internal.reflect.NativeMethodAccessorImpl.invoke0(Native Method)
	at java.base/jdk.internal.reflect.NativeMethodAccessorImpl.invoke(NativeMethodAccessorImpl.java:77)
	at java.base/jdk.internal.reflect.DelegatingMethodAccessorImpl.invoke(DelegatingMethodAccessorImpl.java:43)
	at java.base/java.lang.reflect.Method.invoke(Method.java:568)
	at org.testng.internal.MethodInvocationHelper.invokeMethod(MethodInvocationHelper.java:132)
	at org.testng.internal.TestInvoker.invokeMethod(TestInvoker.java:599)
	at org.testng.internal.TestInvoker.invokeTestMethod(TestInvoker.java:174)
	at org.testng.internal.MethodRunner.runInSequence(MethodRunner.java:46)
	at org.testng.internal.TestInvoker$MethodInvocationAgent.invoke(TestInvoker.java:822)
	at org.testng.internal.TestInvoker.invokeTestMethods(TestInvoker.java:147)
	at org.testng.internal.TestMethodWorker.invokeTestMethods(TestMethodWorker.java:146)
	at org.testng.internal.TestMethodWorker.run(TestMethodWorker.java:128)
	at java.base/java.util.ArrayList.forEach(ArrayList.java:1511)
	at org.testng.TestRunner.privateRun(TestRunner.java:764)
	at org.testng.TestRunner.run(TestRunner.java:585)
	at org.testng.SuiteRunner.runTest(SuiteRunner.java:384)
	at org.testng.SuiteRunner.access$000(SuiteRunner.java:28)
	at org.testng.SuiteRunner$SuiteWorker.run(SuiteRunner.java:425)
	at org.testng.internal.thread.ThreadUtil.lambda$execute$0(ThreadUtil.java:66)
	at java.base/java.util.concurrent.FutureTask.run(FutureTask.java:264)
	at java.base/java.util.concurrent.ThreadPoolExecutor.runWorker(ThreadPoolExecutor.java:1136)
	at java.base/java.util.concurrent.ThreadPoolExecutor$Worker.run(ThreadPoolExecutor.java:635)
	at java.base/java.lang.Thread.run(Thread.java:833)
</pre></div></td>
<td>19</td>
<td>testCases.TC_011_Checkout@27f981c6</td></tr>
</table><p>
<table width='100%' border='1' class='invocation-passed'>
<tr><td colspan='4' align='center'><b>PASSED TESTS</b></td></tr>
<tr><td><b>Test method</b></td>
<td width="30%"><b>Exception</b></td>
<td width="10%"><b>Time (seconds)</b></td>
<td><b>Instance</b></td>
</tr>
<tr>
<td title='testCases.TC_002_Login.test_Login()'><b>test_Login</b><br>Test class: testCases.TC_002_Login</td>
<td></td>
<td>10</td>
<td>testCases.TC_002_Login@51e69659</td></tr>
<tr>
<td title='testCases.TC_003_LoginDDT.test_LoginDDT()'><b>test_LoginDDT</b><br>Test class: testCases.TC_003_LoginDDT<br>Parameters: niravcolder6@gmail.com, Niks108, Valid</td>
<td></td>
<td>5</td>
<td>testCases.TC_003_LoginDDT@47e2e487</td></tr>
<tr>
<td title='testCases.TC_003_LoginDDT.test_LoginDDT()'><b>test_LoginDDT</b><br>Test class: testCases.TC_003_LoginDDT<br>Parameters: nirav@yahoo.com, project1234, Invalid</td>
<td></td>
<td>12</td>
<td>testCases.TC_003_LoginDDT@47e2e487</td></tr>
<tr>
<td title='testCases.TC_003_LoginDDT.test_LoginDDT()'><b>test_LoginDDT</b><br>Test class: testCases.TC_003_LoginDDT<br>Parameters: nir@yahoo.com, pro123, Invalid</td>
<td></td>
<td>12</td>
<td>testCases.TC_003_LoginDDT@47e2e487</td></tr>
<tr>
<td title='testCases.TC_003_LoginDDT.test_LoginDDT()'><b>test_LoginDDT</b><br>Test class: testCases.TC_003_LoginDDT<br>Parameters: 123@yahoo.com, xyz, Invalid</td>
<td></td>
<td>12</td>
<td>testCases.TC_003_LoginDDT@47e2e487</td></tr>
<tr>
<td title='testCases.TC_012_MyAccount.test_Myaccount()'><b>test_Myaccount</b><br>Test class: testCases.TC_012_MyAccount</td>
<td></td>
<td>20</td>
<td>testCases.TC_012_MyAccount@1b11171f</td></tr>
<tr>
<td title='testCases.TC_010_ShoppingCart.test_ShoppingCart()'><b>test_ShoppingCart</b><br>Test class: testCases.TC_010_ShoppingCart</td>
<td></td>
<td>38</td>
<td>testCases.TC_010_ShoppingCart@4b8ee4de</td></tr>
<tr>
<td title='testCases.TC_001_AccountRegistration.test_account_Registration()'><b>test_account_Registration</b><br>Test class: testCases.TC_001_AccountRegistration</td>
<td></td>
<td>12</td>
<td>testCases.TC_001_AccountRegistration@659499f1</td></tr>
<tr>
<td title='testCases.TC_009_ForgotPassword.test_forgotpassword()'><b>test_forgotpassword</b><br>Test class: testCases.TC_009_ForgotPassword</td>
<td></td>
<td>13</td>
<td>testCases.TC_009_ForgotPassword@47d9a273</td></tr>
<tr>
<td title='testCases.TC_006_ProductCompare.test_productcompare()'><b>test_productcompare</b><br>Test class: testCases.TC_006_ProductCompare</td>
<td></td>
<td>16</td>
<td>testCases.TC_006_ProductCompare@4310d43</td></tr>
<tr>
<td title='testCases.TC_008_ProductDisplayPage.test_productdisplay()'><b>test_productdisplay</b><br>Test class: testCases.TC_008_ProductDisplayPage</td>
<td></td>
<td>16</td>
<td>testCases.TC_008_ProductDisplayPage@26e356f0</td></tr>
<tr>
<td title='testCases.TC_004Search.test_search()'><b>test_search</b><br>Test class: testCases.TC_004Search</td>
<td></td>
<td>17</td>
<td>testCases.TC_004Search@201a4587</td></tr>
<tr>
<td title='testCases.TC_007_WishList.test_wishlist()'><b>test_wishlist</b><br>Test class: testCases.TC_007_WishList</td>
<td></td>
<td>27</td>
<td>testCases.TC_007_WishList@54a7079e</td></tr>
</table><p>
</body>
</html>