<?xml version="1.0" encoding="UTF-8"?>
<!-- Generated by org.testng.reporters.JUnitXMLReporter -->
<testsuite ignored="0" hostname="DESKTOP-C3POGAD" failures="2" tests="15" name="OpenCart Tests" time="281.819" errors="0" timestamp="2022-01-21T14:02:13 EST">
  <testcase classname="testCases.TC_001_AccountRegistration" name="test_account_Registration" time="12.847"/>
  <testcase classname="testCases.TC_002_Login" name="test_Login" time="10.308"/>
  <testcase classname="testCases.TC_003_LoginDDT" name="test_LoginDDT" time="5.57"/>
  <testcase classname="testCases.TC_003_LoginDDT" name="test_LoginDDT" time="12.197"/>
  <testcase classname="testCases.TC_003_LoginDDT" name="test_LoginDDT" time="12.096"/>
  <testcase classname="testCases.TC_003_LoginDDT" name="test_LoginDDT" time="12.046"/>
  <testcase classname="testCases.TC_004Search" name="test_search" time="17.355"/>
  <testcase classname="testCases.TC_005_Addcart" name="test_addcart" time="13.243">
    <failure type="java.lang.AssertionError" message="expected [true] but found [false]">
      <![CDATA[java.lang.AssertionError: expected [true] but found [false]
at testCases.TC_005_Addcart.test_addcart(TC_005_Addcart.java:55)
at java.base/java.util.ArrayList.forEach(ArrayList.java:1511)
at java.base/java.util.concurrent.FutureTask.run(FutureTask.java:264)
at java.base/java.util.concurrent.ThreadPoolExecutor.runWorker(ThreadPoolExecutor.java:1136)
at java.base/java.util.concurrent.ThreadPoolExecutor$Worker.run(ThreadPoolExecutor.java:635)
at java.base/java.lang.Thread.run(Thread.java:833)
... Removed 22 stack frames]]>
    </failure>
  </testcase> <!-- test_addcart -->
  <testcase classname="testCases.TC_006_ProductCompare" name="test_productcompare" time="17.108"/>
  <testcase classname="testCases.TC_007_WishList" name="test_wishlist" time="27.195"/>
  <testcase classname="testCases.TC_008_ProductDisplayPage" name="test_productdisplay" time="17.257"/>
  <testcase classname="testCases.TC_009_ForgotPassword" name="test_forgotpassword" time="14.504"/>
  <testcase classname="testCases.TC_010_ShoppingCart" name="test_ShoppingCart" time="38.915"/>
  <testcase classname="testCases.TC_011_Checkout" name="test_checkout" time="19.598">
    <failure type="java.lang.AssertionError" message="expected [true] but found [false]">
      <![CDATA[java.lang.AssertionError: expected [true] but found [false]
at testCases.TC_011_Checkout.test_checkout(TC_011_Checkout.java:64)
at java.base/java.util.ArrayList.forEach(ArrayList.java:1511)
at java.base/java.util.concurrent.FutureTask.run(FutureTask.java:264)
at java.base/java.util.concurrent.ThreadPoolExecutor.runWorker(ThreadPoolExecutor.java:1136)
at java.base/java.util.concurrent.ThreadPoolExecutor$Worker.run(ThreadPoolExecutor.java:635)
at java.base/java.lang.Thread.run(Thread.java:833)
... Removed 22 stack frames]]>
    </failure>
  </testcase> <!-- test_checkout -->
  <testcase classname="testCases.TC_012_MyAccount" name="test_Myaccount" time="19.367"/>
</testsuite> <!-- OpenCart Tests -->
